<?xml version="1.0" encoding="UTF-8"?>
<!-- Generated by org.testng.reporters.JUnitReportReporter -->
<testsuite skipped="1" hostname="DESKTOP-HEG1EMQ" name="com.qa.api.restapitestcase" tests="2" failures="0" timestamp="19 Sep 2018 10:06:19 GMT" time="4.382" errors="0">
  <testcase name="restapiget" time="4.382" classname="com.qa.api.restapitestcase"/>
  <testcase name="gethttprepsonse" classname="com.qa.api.restapitestcase">
    <skipped/>
  </testcase> <!-- gethttprepsonse -->
</testsuite> <!-- com.qa.api.restapitestcase -->
