<?xml version="1.0" encoding="UTF-8"?>
<!-- Generated by org.testng.reporters.JUnitReportReporter -->
<testsuite skipped="2" hostname="DESKTOP-HEG1EMQ" name="com.qa.ApiTesting.Resttesting.ApiTestcase" tests="3" failures="0" timestamp="04 Sep 2018 09:25:26 GMT" time="16.400" errors="0">
  <testcase name="postwithheadertestcase" time="16.400" classname="com.qa.ApiTesting.Resttesting.ApiTestcase"/>
  <testcase name="getwithheadertestcase" classname="com.qa.ApiTesting.Resttesting.ApiTestcase">
    <skipped/>
  </testcase> <!-- getwithheadertestcase -->
  <testcase name="gettestcase" classname="com.qa.ApiTesting.Resttesting.ApiTestcase">
    <skipped/>
  </testcase> <!-- gettestcase -->
</testsuite> <!-- com.qa.ApiTesting.Resttesting.ApiTestcase -->
