<?xml version="1.0" encoding="UTF-8"?>
<!-- Generated by org.testng.reporters.JUnitReportReporter -->
<testsuite skipped="0" hostname="DESKTOP-HEG1EMQ" name="com.qa.api.restapitest" tests="1" failures="0" timestamp="19 Sep 2018 06:32:14 GMT" time="2.730" errors="0">
  <testcase name="gethttp" time="2.730" classname="com.qa.api.restapitest"/>
</testsuite> <!-- com.qa.api.restapitest -->
