<?xml version="1.0" encoding="UTF-8"?>
<!-- Generated by org.testng.reporters.JUnitReportReporter -->
<testsuite skipped="0" hostname="DESKTOP-HEG1EMQ" name="com.qa.ApiTesting.Resttesting.Wheathergettest" tests="3" failures="0" timestamp="06 Sep 2018 03:04:21 GMT" time="9.981" errors="0">
  <testcase name="getrestapi" time="7.313" classname="com.qa.ApiTesting.Resttesting.Wheathergettest"/>
  <testcase name="putrestapi" time="1.595" classname="com.qa.ApiTesting.Resttesting.Wheathergettest"/>
  <testcase name="postrestapi" time="1.073" classname="com.qa.ApiTesting.Resttesting.Wheathergettest"/>
</testsuite> <!-- com.qa.ApiTesting.Resttesting.Wheathergettest -->
